::1 - - [08/Aug/2020:19:17:56 +0000] "GET / HTTP/1.1" 200 10240 "http://localhost:8000/users/sign-in" "Mozilla/5.0 (Linux; Android 6.0; Nexus 5 Build/MRA58N) AppleWebKit/537.36 (KHTML, like Gecko) Chrome/84.0.4147.89 Mobile Safari/537.36"
::1 - - [08/Aug/2020:20:28:00 +0000] "GET / HTTP/1.1" 200 4088 "http://localhost:8000/users/sign-in" "Mozilla/5.0 (Linux; Android 6.0; Nexus 5 Build/MRA58N) AppleWebKit/537.36 (KHTML, like Gecko) Chrome/84.0.4147.89 Mobile Safari/537.36"
::1 - - [08/Aug/2020:20:28:01 +0000] "GET / HTTP/1.1" 304 - "http://localhost:8000/users/sign-in" "Mozilla/5.0 (Linux; Android 6.0; Nexus 5 Build/MRA58N) AppleWebKit/537.36 (KHTML, like Gecko) Chrome/84.0.4147.89 Mobile Safari/537.36"
::1 - - [08/Aug/2020:20:28:03 +0000] "GET /users/sign-in HTTP/1.1" 200 2319 "http://localhost:8000/" "Mozilla/5.0 (Linux; Android 6.0; Nexus 5 Build/MRA58N) AppleWebKit/537.36 (KHTML, like Gecko) Chrome/84.0.4147.89 Mobile Safari/537.36"
::1 - - [08/Aug/2020:20:28:07 +0000] "POST /users/create-session HTTP/1.1" 302 46 "http://localhost:8000/users/sign-in" "Mozilla/5.0 (Linux; Android 6.0; Nexus 5 Build/MRA58N) AppleWebKit/537.36 (KHTML, like Gecko) Chrome/84.0.4147.89 Mobile Safari/537.36"
::1 - - [08/Aug/2020:20:28:07 +0000] "GET / HTTP/1.1" 200 10421 "http://localhost:8000/users/sign-in" "Mozilla/5.0 (Linux; Android 6.0; Nexus 5 Build/MRA58N) AppleWebKit/537.36 (KHTML, like Gecko) Chrome/84.0.4147.89 Mobile Safari/537.36"
::1 - - [08/Aug/2020:20:51:09 +0000] "GET / HTTP/1.1" 304 - "http://localhost:8000/users/sign-in" "Mozilla/5.0 (Linux; Android 6.0; Nexus 5 Build/MRA58N) AppleWebKit/537.36 (KHTML, like Gecko) Chrome/84.0.4147.89 Mobile Safari/537.36"
::1 - - [08/Aug/2020:21:02:34 +0000] "GET /js/home.css HTTP/1.1" 404 150 "-" "Mozilla/5.0 (Linux; Android 6.0; Nexus 5 Build/MRA58N) AppleWebKit/537.36 (KHTML, like Gecko) Chrome/84.0.4147.89 Mobile Safari/537.36"
::1 - - [08/Aug/2020:21:02:38 +0000] "GET /js/home.scss HTTP/1.1" 404 151 "-" "Mozilla/5.0 (Linux; Android 6.0; Nexus 5 Build/MRA58N) AppleWebKit/537.36 (KHTML, like Gecko) Chrome/84.0.4147.89 Mobile Safari/537.36"
::1 - - [08/Aug/2020:21:02:52 +0000] "GET /css/home.scss HTTP/1.1" 404 152 "-" "Mozilla/5.0 (Linux; Android 6.0; Nexus 5 Build/MRA58N) AppleWebKit/537.36 (KHTML, like Gecko) Chrome/84.0.4147.89 Mobile Safari/537.36"
::1 - - [08/Aug/2020:21:02:54 +0000] "GET /css/home.scss HTTP/1.1" 404 152 "-" "Mozilla/5.0 (Linux; Android 6.0; Nexus 5 Build/MRA58N) AppleWebKit/537.36 (KHTML, like Gecko) Chrome/84.0.4147.89 Mobile Safari/537.36"
::1 - - [08/Aug/2020:21:07:43 +0000] "GET / HTTP/1.1" 200 3978 "-" "Mozilla/5.0 (Linux; Android 6.0; Nexus 5 Build/MRA58N) AppleWebKit/537.36 (KHTML, like Gecko) Chrome/84.0.4147.89 Mobile Safari/537.36"
::1 - - [09/Aug/2020:05:00:20 +0000] "GET / HTTP/1.1" 200 3978 "-" "Mozilla/5.0 (Macintosh; Intel Mac OS X 10_14_6) AppleWebKit/537.36 (KHTML, like Gecko) Chrome/84.0.4147.105 Safari/537.36"
::1 - - [09/Aug/2020:05:00:20 +0000] "GET /favicon.ico HTTP/1.1" 404 150 "http://localhost:8000/" "Mozilla/5.0 (Macintosh; Intel Mac OS X 10_14_6) AppleWebKit/537.36 (KHTML, like Gecko) Chrome/84.0.4147.105 Safari/537.36"
::ffff:127.0.0.1 - - [09/Aug/2020:05:00:23 +0000] "GET / HTTP/1.1" 200 3978 "-" "Mozilla/5.0 (Macintosh; Intel Mac OS X 10_14_6) AppleWebKit/537.36 (KHTML, like Gecko) Chrome/84.0.4147.105 Safari/537.36"
::ffff:127.0.0.1 - - [09/Aug/2020:05:00:23 +0000] "GET /favicon.ico HTTP/1.1" 404 150 "http://127.0.0.1:8000/" "Mozilla/5.0 (Macintosh; Intel Mac OS X 10_14_6) AppleWebKit/537.36 (KHTML, like Gecko) Chrome/84.0.4147.105 Safari/537.36"
::1 - - [09/Aug/2020:05:25:50 +0000] "GET / HTTP/1.1" 304 - "-" "Mozilla/5.0 (Macintosh; Intel Mac OS X 10_14_6) AppleWebKit/537.36 (KHTML, like Gecko) Chrome/84.0.4147.105 Safari/537.36"
::1 - - [09/Aug/2020:05:25:53 +0000] "GET /users/sign-in HTTP/1.1" 200 2253 "http://localhost:8000/" "Mozilla/5.0 (Macintosh; Intel Mac OS X 10_14_6) AppleWebKit/537.36 (KHTML, like Gecko) Chrome/84.0.4147.105 Safari/537.36"
::1 - - [09/Aug/2020:05:25:54 +0000] "GET /users/auth/google HTTP/1.1" 302 0 "http://localhost:8000/users/sign-in" "Mozilla/5.0 (Macintosh; Intel Mac OS X 10_14_6) AppleWebKit/537.36 (KHTML, like Gecko) Chrome/84.0.4147.105 Safari/537.36"
::1 - - [09/Aug/2020:05:38:43 +0000] "GET /users/sign-in HTTP/1.1" 304 - "http://localhost:8000/" "Mozilla/5.0 (Macintosh; Intel Mac OS X 10_14_6) AppleWebKit/537.36 (KHTML, like Gecko) Chrome/84.0.4147.105 Safari/537.36"
::1 - - [09/Aug/2020:05:38:45 +0000] "GET /users/sign-in HTTP/1.1" 304 - "http://localhost:8000/users/sign-in" "Mozilla/5.0 (Macintosh; Intel Mac OS X 10_14_6) AppleWebKit/537.36 (KHTML, like Gecko) Chrome/84.0.4147.105 Safari/537.36"
::1 - - [09/Aug/2020:05:38:47 +0000] "GET / HTTP/1.1" 200 4004 "http://localhost:8000/users/sign-in" "Mozilla/5.0 (Macintosh; Intel Mac OS X 10_14_6) AppleWebKit/537.36 (KHTML, like Gecko) Chrome/84.0.4147.105 Safari/537.36"
::1 - - [09/Aug/2020:05:38:54 +0000] "GET /users/sign-in HTTP/1.1" 304 - "http://localhost:8000/" "Mozilla/5.0 (Macintosh; Intel Mac OS X 10_14_6) AppleWebKit/537.36 (KHTML, like Gecko) Chrome/84.0.4147.105 Safari/537.36"
::1 - - [09/Aug/2020:05:38:55 +0000] "GET /users/auth/google HTTP/1.1" 302 0 "http://localhost:8000/users/sign-in" "Mozilla/5.0 (Macintosh; Intel Mac OS X 10_14_6) AppleWebKit/537.36 (KHTML, like Gecko) Chrome/84.0.4147.105 Safari/537.36"
::1 - - [09/Aug/2020:05:39:20 +0000] "GET /users/sign-in HTTP/1.1" 304 - "http://localhost:8000/" "Mozilla/5.0 (Macintosh; Intel Mac OS X 10_14_6) AppleWebKit/537.36 (KHTML, like Gecko) Chrome/84.0.4147.105 Safari/537.36"
::1 - - [09/Aug/2020:05:40:21 +0000] "GET /users/sign-in HTTP/1.1" 304 - "http://localhost:8000/" "Mozilla/5.0 (Macintosh; Intel Mac OS X 10_14_6) AppleWebKit/537.36 (KHTML, like Gecko) Chrome/84.0.4147.105 Safari/537.36"
::1 - - [09/Aug/2020:05:40:23 +0000] "GET /users/auth/google HTTP/1.1" 302 0 "http://localhost:8000/users/sign-in" "Mozilla/5.0 (Macintosh; Intel Mac OS X 10_14_6) AppleWebKit/537.36 (KHTML, like Gecko) Chrome/84.0.4147.105 Safari/537.36"
[0mGET /users/sign-in [36m304[0m 11.780 ms - -[0m
[0mGET /users/sign-in [36m304[0m 5.210 ms - -[0m
[0mGET /users/sign-in [36m304[0m 2.745 ms - -[0m
[0mGET /users/sign-in [36m304[0m 2.586 ms - -[0m
[0mGET /users/sign-in [36m304[0m 6.273 ms - -[0m
[0mGET /users/sign-in [36m304[0m 3.380 ms - -[0m
[0mGET /users/auth/google [36m302[0m 3.731 ms - 0[0m
[0mGET /users/sign-in [36m304[0m 3.272 ms - -[0m
[0mGET /users/sign-in [36m304[0m 2.371 ms - -[0m
[0mGET /users/auth/google [36m302[0m 2.149 ms - 0[0m
[0mGET /users/auth/google/callback?code=4%2F2wFPJgmbTGMH4gLE2DjIk_IGGRwN9Ucb9bBo3d4W8Gw_9Iot-sB4W5BbSqKtOyP1Jg84OvSe8DsFzZoCVqVJP7I&scope=email+profile+https%3A%2F%2Fwww.googleapis.com%2Fauth%2Fuserinfo.profile+https%3A%2F%2Fwww.googleapis.com%2Fauth%2Fuserinfo.email+openid&authuser=0&prompt=consent [36m302[0m 1512.803 ms - 46[0m
[0mGET / [32m200[0m 68.698 ms - 21393[0m
[0mGET / [32m200[0m 33.302 ms - 21212[0m
[0mGET /users/sign-out [36m302[0m 7.037 ms - 46[0m
[0mGET / [32m200[0m 24.466 ms - 9540[0m
[0mGET / [32m200[0m 27.707 ms - 9362[0m
::1 - - [09/Aug/2020:05:50:40 +0000] "GET / HTTP/1.1" 200 4004 "http://localhost:8000/" "Mozilla/5.0 (Macintosh; Intel Mac OS X 10_14_6) AppleWebKit/537.36 (KHTML, like Gecko) Chrome/84.0.4147.105 Safari/537.36"
::1 - - [09/Aug/2020:05:50:43 +0000] "GET /users/sign-in HTTP/1.1" 304 - "http://localhost:8000/" "Mozilla/5.0 (Macintosh; Intel Mac OS X 10_14_6) AppleWebKit/537.36 (KHTML, like Gecko) Chrome/84.0.4147.105 Safari/537.36"
::1 - - [09/Aug/2020:05:50:44 +0000] "GET /users/auth/google HTTP/1.1" 302 0 "http://localhost:8000/users/sign-in" "Mozilla/5.0 (Macintosh; Intel Mac OS X 10_14_6) AppleWebKit/537.36 (KHTML, like Gecko) Chrome/84.0.4147.105 Safari/537.36"
[0mGET /users/sign-in [36m304[0m 11.542 ms - -[0m
[0mGET /users/auth/google [36m302[0m 6.352 ms - 0[0m
[0mGET /users/auth/google/callback?code=4%2F2wFy197qmpIbYXHDouFvXcqwUW-n8ur1k7aPJA-NI8kKMGUiUUKQhA0I__IqdVMz26byhdli8aQ9YiVR97Uk8vo&scope=email+profile+https%3A%2F%2Fwww.googleapis.com%2Fauth%2Fuserinfo.profile+https%3A%2F%2Fwww.googleapis.com%2Fauth%2Fuserinfo.email+openid&authuser=0&prompt=consent [36m302[0m 516.117 ms - 46[0m
[0mGET / [32m200[0m 48.742 ms - 21411[0m
[0mGET / [32m200[0m 63.960 ms - 21230[0m
[0mGET / [36m304[0m 34.217 ms - -[0m
[0mGET / [36m304[0m 65.367 ms - -[0m
[0mGET / [36m304[0m 63.427 ms - -[0m
[0mGET / [36m304[0m 60.576 ms - -[0m
[0mGET / [36m304[0m 59.973 ms - -[0m
[0mGET / [36m304[0m 59.191 ms - -[0m
[0mGET / [36m304[0m 65.750 ms - -[0m
[0mGET / [36m304[0m 64.633 ms - -[0m
[0mGET / [36m304[0m 62.616 ms - -[0m
[0mGET / [36m304[0m 62.025 ms - -[0m
[0mGET / [36m304[0m 61.907 ms - -[0m
[0mGET / [36m304[0m 54.314 ms - -[0m
[0mGET / [36m304[0m 62.312 ms - -[0m
[0mGET / [36m304[0m 33.183 ms - -[0m
[0mGET / [36m304[0m 61.498 ms - -[0m
[0mGET / [36m304[0m 61.392 ms - -[0m
[0mGET /users/sign-out [36m302[0m 10.932 ms - 46[0m
[0mGET / [32m200[0m 22.082 ms - 9540[0m
[0mGET /users/sign-in [36m304[0m 3.342 ms - -[0m
[0mGET /users/auth/google [36m302[0m 2.764 ms - 0[0m
[0mGET /users/auth/google/callback?code=4%2F2wFd6QeiUO8JPAz5aFwfhUZLz6YucwQESVuOdpOqGeornSBc3vlXIwTMQQwD6QhNhNW9_OHvzXsunKtyaA11ECg&scope=email+profile+https%3A%2F%2Fwww.googleapis.com%2Fauth%2Fuserinfo.profile+https%3A%2F%2Fwww.googleapis.com%2Fauth%2Fuserinfo.email+openid&authuser=0&prompt=consent [36m302[0m 469.781 ms - 46[0m
[0mGET / [32m200[0m 28.376 ms - 21411[0m
[0mGET / [32m200[0m 42.370 ms - 21230[0m
[0mGET / [36m304[0m 36.621 ms - -[0m
[0mGET / [36m304[0m 28.283 ms - -[0m
[0mGET / [36m304[0m 31.886 ms - -[0m
[0mGET / [36m304[0m 31.261 ms - -[0m
[0mGET / [36m304[0m 27.917 ms - -[0m
[0mGET / [36m304[0m 28.649 ms - -[0m
[0mGET / [36m304[0m 24.503 ms - -[0m
[0mGET / [36m304[0m 27.141 ms - -[0m
[0mGET / [36m304[0m 27.340 ms - -[0m
[0mGET / [36m304[0m 19.951 ms - -[0m
